<?xml version="1.0" encoding="UTF-8"?>
<!-- Generated by org.testng.reporters.JUnitReportReporter -->
<testsuite hostname="Rahuls-MacBook-Pro.local" failures="0" tests="3" name="Packtwo.dependency" time="0.005" errors="0" timestamp="08 Dec 2017 07:49:03 GMT" skipped="0">
  <testcase classname="Packtwo.dependency" name="vtest1" time="0.002"/>
  <testcase classname="Packtwo.dependency" name="test2" time="0.001"/>
  <testcase classname="Packtwo.dependency" name="vtest2" time="0.002"/>
</testsuite> <!-- Packtwo.dependency -->
