<?xml version="1.0" encoding="UTF-8"?>
<!-- Generated by org.testng.reporters.JUnitReportReporter -->
<testsuite hostname="Rahuls-MacBook-Pro.local" failures="0" tests="2" name="testngfiles.Annotations" time="0.015" errors="0" timestamp="08 Dec 2017 07:48:22 GMT" skipped="0">
  <testcase classname="testngfiles.Annotations" name="test2" time="0.004"/>
  <testcase classname="testngfiles.Annotations" name="test1" time="0.011"/>
</testsuite> <!-- testngfiles.Annotations -->
