<?xml version="1.0" encoding="UTF-8"?>
<!-- Generated by org.testng.reporters.JUnitReportReporter -->
<testsuite hostname="Rahuls-MacBook-Pro.local" failures="0" tests="5" name="Packtwo.Annotations" time="0.046" errors="0" timestamp="08 Dec 2017 10:47:28 GMT" skipped="0">
  <testcase classname="Packtwo.Annotations" name="test1" time="0.010"/>
  <testcase classname="Packtwo.Annotations" name="test1" time="0.002"/>
  <testcase classname="Packtwo.Annotations" name="test1" time="0.015"/>
  <testcase classname="Packtwo.Annotations" name="test2" time="0.008"/>
  <testcase classname="Packtwo.Annotations" name="test1" time="0.011"/>
</testsuite> <!-- Packtwo.Annotations -->
