<?xml version="1.0" encoding="UTF-8"?>
<!-- Generated by org.testng.reporters.JUnitReportReporter -->
<testsuite hostname="Rahuls-MacBook-Pro.local" failures="0" tests="1" name="Packtwo.annot2" time="0.009" errors="0" timestamp="14 Dec 2017 07:19:45 GMT" skipped="0">
  <testcase classname="Packtwo.annot2" name="test" time="0.009"/>
</testsuite> <!-- Packtwo.annot2 -->
