<?xml version="1.0" encoding="UTF-8"?>
<!-- Generated by org.testng.reporters.JUnitReportReporter -->
<testsuite hostname="Rahuls-MBP" failures="0" tests="1" name="testcases.login" time="0.000" errors="0" timestamp="16 Jul 2018 09:57:22 GMT" skipped="1">
  <testcase classname="testcases.login" name="loginapplication" time="0.000">
    <skipped/>
  </testcase> <!-- loginapplication -->
</testsuite> <!-- testcases.login -->
