<?xml version="1.0" encoding="UTF-8"?>
<!-- Generated by org.testng.reporters.JUnitReportReporter -->
<testsuite hostname="Rahuls-MacBook-Pro.local" failures="0" tests="1" name="Testcases.Loginapplication" time="11.572" errors="0" timestamp="08 Jan 2018 13:56:24 GMT" skipped="0">
  <testcase classname="Testcases.Loginapplication" name="login" time="11.572"/>
</testsuite> <!-- Testcases.Loginapplication -->
