<?xml version="1.0" encoding="UTF-8"?>
<!-- Generated by org.testng.reporters.JUnitReportReporter -->
<testsuite hostname="Rahuls-MBP" failures="0" tests="2" name="sample.Testng" time="0.013" errors="0" timestamp="13 Jun 2018 11:51:10 GMT" skipped="0">
  <testcase classname="sample.Testng" name="display2" time="0.002"/>
  <testcase classname="sample.Testng" name="display1" time="0.011"/>
</testsuite> <!-- sample.Testng -->
