<?xml version="1.0" encoding="UTF-8"?>
<!-- Generated by org.testng.reporters.JUnitReportReporter -->
<testsuite hostname="Rahuls-MBP" failures="0" tests="1" name="sample.add" time="0.019" errors="0" timestamp="10 Sep 2018 06:49:34 GMT" skipped="0">
  <testcase classname="sample.add" name="demo" time="0.019"/>
</testsuite> <!-- sample.add -->
