<?xml version="1.0" encoding="UTF-8"?>
<!-- Generated by org.testng.reporters.JUnitReportReporter -->
<testsuite hostname="Rahuls-MacBook-Pro.local" failures="0" tests="1" name="loginpage.loginpage" time="12.459" errors="0" timestamp="09 Jul 2018 16:36:33 GMT" skipped="0">
  <testcase classname="loginpage.loginpage" name="login" time="12.459"/>
</testsuite> <!-- loginpage.loginpage -->
